<?xml version="1.0" encoding="UTF-8"?>
<coverage generated="1784931993704" clover="3.2.0">
  <project timestamp="1784931993705" name="All files">
    <metrics statements="233" coveredstatements="164" conditionals="110" coveredconditionals="59" methods="66" coveredmethods="53" elements="409" coveredelements="276" complexity="0" loc="233" ncloc="233" packages="8" files="15" classes="15"/>
    <package name="hooks">
      <metrics statements="96" coveredstatements="92" conditionals="42" coveredconditionals="29" methods="27" coveredmethods="26"/>
      <file name="useAcerto.ts" path="/Users/joaquim.cardoso/Documents/FreteAgro/frete-agro/fretagro-mobile/hooks/useAcerto.ts">
        <metrics statements="55" coveredstatements="51" conditionals="22" coveredconditionals="12" methods="10" coveredmethods="10"/>
        <line num="62" count="1" type="stmt"/>
        <line num="73" count="81" type="stmt"/>
        <line num="74" count="81" type="stmt"/>
        <line num="75" count="81" type="stmt"/>
        <line num="76" count="81" type="stmt"/>
        <line num="77" count="81" type="stmt"/>
        <line num="78" count="81" type="stmt"/>
        <line num="80" count="81" type="stmt"/>
        <line num="81" count="14" type="stmt"/>
        <line num="82" count="14" type="stmt"/>
        <line num="84" count="14" type="stmt"/>
        <line num="89" count="14" type="stmt"/>
        <line num="91" count="14" type="cond" truecount="1" falsecount="1"/>
        <line num="92" count="14" type="cond" truecount="2" falsecount="0"/>
        <line num="93" count="1" type="stmt"/>
        <line num="94" count="1" type="stmt"/>
        <line num="101" count="13" type="stmt"/>
        <line num="107" count="13" type="cond" truecount="1" falsecount="1"/>
        <line num="108" count="13" type="cond" truecount="1" falsecount="1"/>
        <line num="109" count="0" type="stmt"/>
        <line num="110" count="0" type="stmt"/>
        <line num="113" count="13" type="stmt"/>
        <line num="116" count="13" type="stmt"/>
        <line num="124" count="13" type="cond" truecount="1" falsecount="1"/>
        <line num="126" count="13" type="cond" truecount="1" falsecount="1"/>
        <line num="129" count="19" type="stmt"/>
        <line num="130" count="13" type="stmt"/>
        <line num="131" count="12" type="stmt"/>
        <line num="142" count="13" type="stmt"/>
        <line num="143" count="13" type="stmt"/>
        <line num="144" count="13" type="stmt"/>
        <line num="152" count="13" type="cond" truecount="2" falsecount="0"/>
        <line num="167" count="12" type="cond" truecount="1" falsecount="1"/>
        <line num="168" count="5" type="cond" truecount="1" falsecount="1"/>
        <line num="169" count="5" type="stmt"/>
        <line num="170" count="3" type="stmt"/>
        <line num="171" count="2" type="stmt"/>
        <line num="172" count="5" type="stmt"/>
        <line num="173" count="5" type="stmt"/>
        <line num="174" count="5" type="stmt"/>
        <line num="187" count="1" type="stmt"/>
        <line num="191" count="13" type="stmt"/>
        <line num="192" count="5" type="stmt"/>
        <line num="200" count="13" type="stmt"/>
        <line num="207" count="19" type="stmt"/>
        <line num="209" count="13" type="stmt"/>
        <line num="210" count="13" type="stmt"/>
        <line num="211" count="13" type="stmt"/>
        <line num="212" count="13" type="stmt"/>
        <line num="215" count="0" type="cond" truecount="0" falsecount="2"/>
        <line num="216" count="0" type="stmt"/>
        <line num="218" count="14" type="stmt"/>
        <line num="222" count="81" type="stmt"/>
        <line num="223" count="14" type="stmt"/>
        <line num="226" count="81" type="stmt"/>
      </file>
      <file name="useConectividade.ts" path="/Users/joaquim.cardoso/Documents/FreteAgro/frete-agro/fretagro-mobile/hooks/useConectividade.ts">
        <metrics statements="11" coveredstatements="11" conditionals="4" coveredconditionals="2" methods="5" coveredmethods="5"/>
        <line num="15" count="7" type="stmt"/>
        <line num="18" count="6" type="stmt"/>
        <line num="19" count="6" type="cond" truecount="1" falsecount="1"/>
        <line num="22" count="7" type="stmt"/>
        <line num="23" count="5" type="stmt"/>
        <line num="25" count="5" type="stmt"/>
        <line num="28" count="1" type="cond" truecount="1" falsecount="1"/>
        <line num="29" count="1" type="stmt"/>
        <line num="34" count="5" type="stmt"/>
        <line num="35" count="5" type="stmt"/>
        <line num="39" count="7" type="stmt"/>
      </file>
      <file name="useSync.ts" path="/Users/joaquim.cardoso/Documents/FreteAgro/frete-agro/fretagro-mobile/hooks/useSync.ts">
        <metrics statements="25" coveredstatements="25" conditionals="10" coveredconditionals="9" methods="10" coveredmethods="9"/>
        <line num="25" count="21" type="stmt"/>
        <line num="26" count="21" type="stmt"/>
        <line num="28" count="21" type="stmt"/>
        <line num="29" count="21" type="stmt"/>
        <line num="30" count="21" type="stmt"/>
        <line num="31" count="21" type="stmt"/>
        <line num="33" count="21" type="stmt"/>
        <line num="34" count="4" type="cond" truecount="1" falsecount="1"/>
        <line num="35" count="4" type="stmt"/>
        <line num="36" count="4" type="stmt"/>
        <line num="37" count="4" type="stmt"/>
        <line num="39" count="4" type="stmt"/>
        <line num="45" count="4" type="stmt"/>
        <line num="46" count="4" type="stmt"/>
        <line num="47" count="4" type="stmt"/>
        <line num="52" count="21" type="stmt"/>
        <line num="53" count="9" type="cond" truecount="4" falsecount="0"/>
        <line num="54" count="3" type="stmt"/>
        <line num="56" count="9" type="stmt"/>
        <line num="60" count="21" type="stmt"/>
        <line num="61" count="6" type="cond" truecount="4" falsecount="0"/>
        <line num="62" count="1" type="stmt"/>
        <line num="68" count="21" type="stmt"/>
        <line num="69" count="9" type="stmt"/>
        <line num="72" count="21" type="stmt"/>
      </file>
      <file name="useViagemAtiva.ts" path="/Users/joaquim.cardoso/Documents/FreteAgro/frete-agro/fretagro-mobile/hooks/useViagemAtiva.ts">
        <metrics statements="5" coveredstatements="5" conditionals="6" coveredconditionals="6" methods="2" coveredmethods="2"/>
        <line num="42" count="10" type="stmt"/>
        <line num="44" count="10" type="stmt"/>
        <line num="47" count="10" type="cond" truecount="4" falsecount="0"/>
        <line num="51" count="10" type="cond" truecount="2" falsecount="0"/>
        <line num="53" count="10" type="stmt"/>
      </file>
    </package>
    <package name="lib.auth">
      <metrics statements="8" coveredstatements="0" conditionals="6" coveredconditionals="0" methods="3" coveredmethods="0"/>
      <file name="mobileAuth.ts" path="/Users/joaquim.cardoso/Documents/FreteAgro/frete-agro/fretagro-mobile/lib/auth/mobileAuth.ts">
        <metrics statements="8" coveredstatements="0" conditionals="6" coveredconditionals="0" methods="3" coveredmethods="0"/>
        <line num="14" count="0" type="stmt"/>
        <line num="18" count="0" type="cond" truecount="0" falsecount="2"/>
        <line num="19" count="0" type="stmt"/>
        <line num="26" count="0" type="stmt"/>
        <line num="27" count="0" type="cond" truecount="0" falsecount="2"/>
        <line num="35" count="0" type="stmt"/>
        <line num="36" count="0" type="cond" truecount="0" falsecount="2"/>
        <line num="37" count="0" type="stmt"/>
      </file>
    </package>
    <package name="lib.camera">
      <metrics statements="18" coveredstatements="0" conditionals="6" coveredconditionals="0" methods="2" coveredmethods="0"/>
      <file name="capturarNota.ts" path="/Users/joaquim.cardoso/Documents/FreteAgro/frete-agro/fretagro-mobile/lib/camera/capturarNota.ts">
        <metrics statements="18" coveredstatements="0" conditionals="6" coveredconditionals="0" methods="2" coveredmethods="0"/>
        <line num="20" count="0" type="stmt"/>
        <line num="21" count="0" type="stmt"/>
        <line num="40" count="0" type="stmt"/>
        <line num="41" count="0" type="cond" truecount="0" falsecount="2"/>
        <line num="42" count="0" type="stmt"/>
        <line num="46" count="0" type="stmt"/>
        <line num="52" count="0" type="cond" truecount="0" falsecount="2"/>
        <line num="53" count="0" type="stmt"/>
        <line num="56" count="0" type="stmt"/>
        <line num="59" count="0" type="stmt"/>
        <line num="66" count="0" type="stmt"/>
        <line num="67" count="0" type="stmt"/>
        <line num="70" count="0" type="stmt"/>
        <line num="71" count="0" type="stmt"/>
        <line num="74" count="0" type="stmt"/>
        <line num="81" count="0" type="cond" truecount="0" falsecount="2"/>
        <line num="82" count="0" type="stmt"/>
        <line num="86" count="0" type="stmt"/>
      </file>
    </package>
    <package name="lib.storage">
      <metrics statements="26" coveredstatements="25" conditionals="6" coveredconditionals="6" methods="8" coveredmethods="8"/>
      <file name="queueStorage.ts" path="/Users/joaquim.cardoso/Documents/FreteAgro/frete-agro/fretagro-mobile/lib/storage/queueStorage.ts">
        <metrics statements="16" coveredstatements="15" conditionals="2" coveredconditionals="2" methods="6" coveredmethods="6"/>
        <line num="8" count="2" type="stmt"/>
        <line num="9" count="2" type="stmt"/>
        <line num="33" count="32" type="stmt"/>
        <line num="34" count="32" type="cond" truecount="2" falsecount="0"/>
        <line num="35" count="22" type="stmt"/>
        <line num="36" count="22" type="stmt"/>
        <line num="38" count="0" type="stmt"/>
        <line num="43" count="22" type="stmt"/>
        <line num="48" count="16" type="stmt"/>
        <line num="49" count="16" type="stmt"/>
        <line num="50" count="16" type="stmt"/>
        <line num="55" count="3" type="stmt"/>
        <line num="56" count="3" type="stmt"/>
        <line num="57" count="3" type="stmt"/>
        <line num="62" count="13" type="stmt"/>
        <line num="67" count="3" type="stmt"/>
      </file>
      <file name="viagemStorage.ts" path="/Users/joaquim.cardoso/Documents/FreteAgro/frete-agro/fretagro-mobile/lib/storage/viagemStorage.ts">
        <metrics statements="10" coveredstatements="10" conditionals="4" coveredconditionals="4" methods="2" coveredmethods="2"/>
        <line num="9" count="1" type="stmt"/>
        <line num="10" count="1" type="stmt"/>
        <line num="17" count="7" type="cond" truecount="2" falsecount="0"/>
        <line num="18" count="1" type="stmt"/>
        <line num="20" count="6" type="stmt"/>
        <line num="29" count="7" type="stmt"/>
        <line num="30" count="7" type="cond" truecount="2" falsecount="0"/>
        <line num="31" count="5" type="stmt"/>
        <line num="32" count="5" type="stmt"/>
        <line num="34" count="1" type="stmt"/>
      </file>
    </package>
    <package name="lib.supabase">
      <metrics statements="7" coveredstatements="0" conditionals="0" coveredconditionals="0" methods="3" coveredmethods="0"/>
      <file name="client.ts" path="/Users/joaquim.cardoso/Documents/FreteAgro/frete-agro/fretagro-mobile/lib/supabase/client.ts">
        <metrics statements="7" coveredstatements="0" conditionals="0" coveredconditionals="0" methods="3" coveredmethods="0"/>
        <line num="11" count="0" type="stmt"/>
        <line num="12" count="0" type="stmt"/>
        <line num="14" count="0" type="stmt"/>
        <line num="16" count="0" type="stmt"/>
        <line num="18" count="0" type="stmt"/>
        <line num="20" count="0" type="stmt"/>
        <line num="23" count="0" type="stmt"/>
      </file>
    </package>
    <package name="lib.sync">
      <metrics statements="52" coveredstatements="25" conditionals="30" coveredconditionals="8" methods="7" coveredmethods="5"/>
      <file name="syncDespesas.ts" path="/Users/joaquim.cardoso/Documents/FreteAgro/frete-agro/fretagro-mobile/lib/sync/syncDespesas.ts">
        <metrics statements="8" coveredstatements="0" conditionals="7" coveredconditionals="0" methods="1" coveredmethods="0"/>
        <line num="17" count="0" type="cond" truecount="0" falsecount="3"/>
        <line num="22" count="0" type="stmt"/>
        <line num="25" count="0" type="cond" truecount="0" falsecount="2"/>
        <line num="26" count="0" type="stmt"/>
        <line num="33" count="0" type="stmt"/>
        <line num="36" count="0" type="cond" truecount="0" falsecount="2"/>
        <line num="37" count="0" type="stmt"/>
        <line num="41" count="0" type="stmt"/>
      </file>
      <file name="syncQueue.ts" path="/Users/joaquim.cardoso/Documents/FreteAgro/frete-agro/fretagro-mobile/lib/sync/syncQueue.ts">
        <metrics statements="28" coveredstatements="25" conditionals="10" coveredconditionals="8" methods="5" coveredmethods="5"/>
        <line num="34" count="1" type="stmt"/>
        <line num="35" count="1" type="stmt"/>
        <line num="38" count="1" type="stmt"/>
        <line num="39" count="1" type="cond" truecount="1" falsecount="1"/>
        <line num="40" count="0" type="stmt"/>
        <line num="41" count="0" type="stmt"/>
        <line num="43" count="0" type="stmt"/>
        <line num="48" count="1" type="stmt"/>
        <line num="49" count="1" type="stmt"/>
        <line num="50" count="1" type="stmt"/>
        <line num="56" count="1" type="stmt"/>
        <line num="63" count="1" type="stmt"/>
        <line num="69" count="9" type="cond" truecount="2" falsecount="0"/>
        <line num="70" count="8" type="stmt"/>
        <line num="71" count="1" type="cond" truecount="1" falsecount="1"/>
        <line num="72" count="1" type="stmt"/>
        <line num="92" count="7" type="stmt"/>
        <line num="93" count="7" type="cond" truecount="2" falsecount="0"/>
        <line num="95" count="6" type="stmt"/>
        <line num="97" count="6" type="stmt"/>
        <line num="98" count="9" type="stmt"/>
        <line num="99" count="9" type="stmt"/>
        <line num="102" count="3" type="stmt"/>
        <line num="108" count="3" type="cond" truecount="2" falsecount="0"/>
        <line num="110" count="1" type="stmt"/>
        <line num="112" count="2" type="stmt"/>
        <line num="117" count="6" type="stmt"/>
        <line num="125" count="2" type="stmt"/>
      </file>
      <file name="syncViagem.ts" path="/Users/joaquim.cardoso/Documents/FreteAgro/frete-agro/fretagro-mobile/lib/sync/syncViagem.ts">
        <metrics statements="16" coveredstatements="0" conditionals="13" coveredconditionals="0" methods="1" coveredmethods="0"/>
        <line num="20" count="0" type="cond" truecount="0" falsecount="5"/>
        <line num="25" count="0" type="stmt"/>
        <line num="28" count="0" type="cond" truecount="0" falsecount="2"/>
        <line num="29" count="0" type="stmt"/>
        <line num="35" count="0" type="stmt"/>
        <line num="38" count="0" type="cond" truecount="0" falsecount="2"/>
        <line num="39" count="0" type="stmt"/>
        <line num="44" count="0" type="stmt"/>
        <line num="45" count="0" type="stmt"/>
        <line num="49" count="0" type="cond" truecount="0" falsecount="2"/>
        <line num="50" count="0" type="stmt"/>
        <line num="55" count="0" type="stmt"/>
        <line num="56" count="0" type="stmt"/>
        <line num="60" count="0" type="cond" truecount="0" falsecount="2"/>
        <line num="61" count="0" type="stmt"/>
        <line num="65" count="0" type="stmt"/>
      </file>
    </package>
    <package name="lib.utils">
      <metrics statements="4" coveredstatements="0" conditionals="2" coveredconditionals="0" methods="2" coveredmethods="0"/>
      <file name="createId.ts" path="/Users/joaquim.cardoso/Documents/FreteAgro/frete-agro/fretagro-mobile/lib/utils/createId.ts">
        <metrics statements="4" coveredstatements="0" conditionals="2" coveredconditionals="0" methods="2" coveredmethods="0"/>
        <line num="5" count="0" type="stmt"/>
        <line num="6" count="0" type="stmt"/>
        <line num="7" count="0" type="cond" truecount="0" falsecount="2"/>
        <line num="8" count="0" type="stmt"/>
      </file>
    </package>
    <package name="lib.viagem">
      <metrics statements="22" coveredstatements="22" conditionals="18" coveredconditionals="16" methods="14" coveredmethods="14"/>
      <file name="calcularTrecho.ts" path="/Users/joaquim.cardoso/Documents/FreteAgro/frete-agro/fretagro-mobile/lib/viagem/calcularTrecho.ts">
        <metrics statements="9" coveredstatements="9" conditionals="4" coveredconditionals="4" methods="3" coveredmethods="3"/>
        <line num="11" count="3" type="stmt"/>
        <line num="12" count="3" type="stmt"/>
        <line num="19" count="3" type="stmt"/>
        <line num="20" count="3" type="stmt"/>
        <line num="38" count="10" type="cond" truecount="2" falsecount="0"/>
        <line num="39" count="3" type="stmt"/>
        <line num="44" count="7" type="cond" truecount="2" falsecount="0"/>
        <line num="45" count="3" type="stmt"/>
        <line num="50" count="4" type="stmt"/>
      </file>
      <file name="calcularViagem.ts" path="/Users/joaquim.cardoso/Documents/FreteAgro/frete-agro/fretagro-mobile/lib/viagem/calcularViagem.ts">
        <metrics statements="13" coveredstatements="13" conditionals="14" coveredconditionals="12" methods="11" coveredmethods="11"/>
        <line num="12" count="6" type="stmt"/>
        <line num="13" count="9" type="cond" truecount="2" falsecount="0"/>
        <line num="14" count="5" type="cond" truecount="1" falsecount="1"/>
        <line num="22" count="5" type="stmt"/>
        <line num="23" count="8" type="cond" truecount="2" falsecount="0"/>
        <line num="24" count="4" type="cond" truecount="1" falsecount="1"/>
        <line num="31" count="2" type="stmt"/>
        <line num="46" count="8" type="cond" truecount="4" falsecount="0"/>
        <line num="47" count="2" type="stmt"/>
        <line num="58" count="4" type="stmt"/>
        <line num="59" count="7" type="cond" truecount="2" falsecount="0"/>
        <line num="60" count="3" type="stmt"/>
        <line num="61" count="4" type="stmt"/>
      </file>
    </package>
  </project>
</coverage>
