{"/Users/joaquim.cardoso/Documents/FreteAgro/frete-agro/fretagro-mobile/hooks/useAcerto.ts": {"path":"/Users/joaquim.cardoso/Documents/FreteAgro/frete-agro/fretagro-mobile/hooks/useAcerto.ts","statementMap":{"0":{"start":{"line":37,"column":37},"end":{"line":41,"column":1}},"1":{"start":{"line":48,"column":44},"end":{"line":48,"column":66}},"2":{"start":{"line":49,"column":46},"end":{"line":49,"column":84}},"3":{"start":{"line":50,"column":32},"end":{"line":50,"column":46}},"4":{"start":{"line":51,"column":28},"end":{"line":51,"column":57}},"5":{"start":{"line":53,"column":23},"end":{"line":108,"column":8}},"6":{"start":{"line":54,"column":4},"end":{"line":54,"column":20}},"7":{"start":{"line":55,"column":4},"end":{"line":55,"column":18}},"8":{"start":{"line":57,"column":4},"end":{"line":107,"column":5}},"9":{"start":{"line":62,"column":10},"end":{"line":62,"column":42}},"10":{"start":{"line":64,"column":6},"end":{"line":64,"column":42}},"11":{"start":{"line":64,"column":24},"end":{"line":64,"column":42}},"12":{"start":{"line":65,"column":6},"end":{"line":68,"column":7}},"13":{"start":{"line":66,"column":8},"end":{"line":66,"column":25}},"14":{"start":{"line":67,"column":8},"end":{"line":67,"column":14}},"15":{"start":{"line":70,"column":26},"end":{"line":70,"column":41}},"16":{"start":{"line":73,"column":42},"end":{"line":79,"column":49}},"17":{"start":{"line":81,"column":6},"end":{"line":81,"column":38}},"18":{"start":{"line":81,"column":22},"end":{"line":81,"column":38}},"19":{"start":{"line":83,"column":19},"end":{"line":83,"column":43}},"20":{"start":{"line":86,"column":22},"end":{"line":86,"column":65}},"21":{"start":{"line":86,"column":41},"end":{"line":86,"column":64}},"22":{"start":{"line":87,"column":38},"end":{"line":94,"column":7}},"23":{"start":{"line":88,"column":21},"end":{"line":92,"column":9}},"24":{"start":{"line":97,"column":22},"end":{"line":97,"column":66}},"25":{"start":{"line":97,"column":41},"end":{"line":97,"column":65}},"26":{"start":{"line":99,"column":6},"end":{"line":99,"column":32}},"27":{"start":{"line":100,"column":6},"end":{"line":100,"column":31}},"28":{"start":{"line":103,"column":8},"end":{"line":103,"column":71}},"29":{"start":{"line":104,"column":6},"end":{"line":104,"column":23}},"30":{"start":{"line":106,"column":6},"end":{"line":106,"column":23}},"31":{"start":{"line":110,"column":2},"end":{"line":112,"column":20}},"32":{"start":{"line":111,"column":4},"end":{"line":111,"column":18}},"33":{"start":{"line":114,"column":2},"end":{"line":114,"column":58}}},"fnMap":{"0":{"name":"useAcerto","decl":{"start":{"line":47,"column":16},"end":{"line":47,"column":25}},"loc":{"start":{"line":47,"column":41},"end":{"line":115,"column":1}},"line":47},"1":{"name":"(anonymous_1)","decl":{"start":{"line":53,"column":35},"end":{"line":53,"column":36}},"loc":{"start":{"line":53,"column":47},"end":{"line":108,"column":3}},"line":53},"2":{"name":"(anonymous_2)","decl":{"start":{"line":86,"column":34},"end":{"line":86,"column":35}},"loc":{"start":{"line":86,"column":41},"end":{"line":86,"column":64}},"line":86},"3":{"name":"(anonymous_3)","decl":{"start":{"line":88,"column":8},"end":{"line":88,"column":9}},"loc":{"start":{"line":88,"column":21},"end":{"line":92,"column":9}},"line":88},"4":{"name":"(anonymous_4)","decl":{"start":{"line":97,"column":34},"end":{"line":97,"column":35}},"loc":{"start":{"line":97,"column":41},"end":{"line":97,"column":65}},"line":97},"5":{"name":"(anonymous_5)","decl":{"start":{"line":110,"column":12},"end":{"line":110,"column":13}},"loc":{"start":{"line":110,"column":18},"end":{"line":112,"column":3}},"line":110}},"branchMap":{"0":{"loc":{"start":{"line":64,"column":6},"end":{"line":64,"column":42}},"type":"if","locations":[{"start":{"line":64,"column":6},"end":{"line":64,"column":42}},{"start":{},"end":{}}],"line":64},"1":{"loc":{"start":{"line":65,"column":6},"end":{"line":68,"column":7}},"type":"if","locations":[{"start":{"line":65,"column":6},"end":{"line":68,"column":7}},{"start":{},"end":{}}],"line":65},"2":{"loc":{"start":{"line":81,"column":6},"end":{"line":81,"column":38}},"type":"if","locations":[{"start":{"line":81,"column":6},"end":{"line":81,"column":38}},{"start":{},"end":{}}],"line":81},"3":{"loc":{"start":{"line":83,"column":20},"end":{"line":83,"column":30}},"type":"binary-expr","locations":[{"start":{"line":83,"column":20},"end":{"line":83,"column":24}},{"start":{"line":83,"column":28},"end":{"line":83,"column":30}}],"line":83},"4":{"loc":{"start":{"line":103,"column":8},"end":{"line":103,"column":71}},"type":"cond-expr","locations":[{"start":{"line":103,"column":31},"end":{"line":103,"column":42}},{"start":{"line":103,"column":45},"end":{"line":103,"column":71}}],"line":103}},"s":{"0":1,"1":23,"2":23,"3":23,"4":23,"5":23,"6":6,"7":6,"8":6,"9":6,"10":6,"11":0,"12":6,"13":1,"14":1,"15":5,"16":5,"17":5,"18":0,"19":5,"20":5,"21":11,"22":5,"23":7,"24":5,"25":11,"26":5,"27":5,"28":0,"29":0,"30":6,"31":23,"32":6,"33":23},"f":{"0":23,"1":6,"2":11,"3":7,"4":11,"5":6},"b":{"0":[0,6],"1":[1,5],"2":[0,5],"3":[5,0],"4":[0,0]},"_coverageSchema":"1a1c01bbd47fc00a2c39e90264f33305004495a9","hash":"acec06f7b45d21177f92aeef0e0fcea08525e627"}
,"/Users/joaquim.cardoso/Documents/FreteAgro/frete-agro/fretagro-mobile/hooks/useConectividade.ts": {"path":"/Users/joaquim.cardoso/Documents/FreteAgro/frete-agro/fretagro-mobile/hooks/useConectividade.ts","statementMap":{"0":{"start":{"line":15,"column":40},"end":{"line":15,"column":54}},"1":{"start":{"line":18,"column":18},"end":{"line":18,"column":54}},"2":{"start":{"line":19,"column":4},"end":{"line":19,"column":46}},"3":{"start":{"line":22,"column":2},"end":{"line":37,"column":8}},"4":{"start":{"line":23,"column":4},"end":{"line":23,"column":23}},"5":{"start":{"line":25,"column":25},"end":{"line":32,"column":5}},"6":{"start":{"line":28,"column":8},"end":{"line":30,"column":9}},"7":{"start":{"line":29,"column":10},"end":{"line":29,"column":29}},"8":{"start":{"line":34,"column":4},"end":{"line":36,"column":5}},"9":{"start":{"line":35,"column":6},"end":{"line":35,"column":27}},"10":{"start":{"line":39,"column":2},"end":{"line":39,"column":24}}},"fnMap":{"0":{"name":"useConectividade","decl":{"start":{"line":14,"column":16},"end":{"line":14,"column":32}},"loc":{"start":{"line":14,"column":55},"end":{"line":40,"column":1}},"line":14},"1":{"name":"checkConnectivity","decl":{"start":{"line":17,"column":17},"end":{"line":17,"column":34}},"loc":{"start":{"line":17,"column":37},"end":{"line":20,"column":3}},"line":17},"2":{"name":"(anonymous_2)","decl":{"start":{"line":22,"column":12},"end":{"line":22,"column":13}},"loc":{"start":{"line":22,"column":18},"end":{"line":37,"column":3}},"line":22},"3":{"name":"(anonymous_3)","decl":{"start":{"line":27,"column":6},"end":{"line":27,"column":7}},"loc":{"start":{"line":27,"column":37},"end":{"line":31,"column":7}},"line":27},"4":{"name":"(anonymous_4)","decl":{"start":{"line":34,"column":11},"end":{"line":34,"column":12}},"loc":{"start":{"line":34,"column":17},"end":{"line":36,"column":5}},"line":34}},"branchMap":{"0":{"loc":{"start":{"line":19,"column":19},"end":{"line":19,"column":45}},"type":"binary-expr","locations":[{"start":{"line":19,"column":19},"end":{"line":19,"column":36}},{"start":{"line":19,"column":40},"end":{"line":19,"column":45}}],"line":19},"1":{"loc":{"start":{"line":28,"column":8},"end":{"line":30,"column":9}},"type":"if","locations":[{"start":{"line":28,"column":8},"end":{"line":30,"column":9}},{"start":{},"end":{}}],"line":28}},"s":{"0":7,"1":6,"2":6,"3":7,"4":5,"5":5,"6":1,"7":1,"8":5,"9":5,"10":7},"f":{"0":7,"1":6,"2":5,"3":1,"4":5},"b":{"0":[6,0],"1":[1,0]},"_coverageSchema":"1a1c01bbd47fc00a2c39e90264f33305004495a9","hash":"45a4e4b1d7491e4f9e1b93a933f952c0e9595e96"}
,"/Users/joaquim.cardoso/Documents/FreteAgro/frete-agro/fretagro-mobile/hooks/useSync.ts": {"path":"/Users/joaquim.cardoso/Documents/FreteAgro/frete-agro/fretagro-mobile/hooks/useSync.ts","statementMap":{"0":{"start":{"line":25,"column":26},"end":{"line":25,"column":44}},"1":{"start":{"line":26,"column":23},"end":{"line":26,"column":42}},"2":{"start":{"line":28,"column":23},"end":{"line":28,"column":36}},"3":{"start":{"line":29,"column":36},"end":{"line":29,"column":51}},"4":{"start":{"line":30,"column":42},"end":{"line":30,"column":75}},"5":{"start":{"line":30,"column":57},"end":{"line":30,"column":74}},"6":{"start":{"line":31,"column":29},"end":{"line":31,"column":72}},"7":{"start":{"line":31,"column":51},"end":{"line":31,"column":71}},"8":{"start":{"line":33,"column":19},"end":{"line":49,"column":26}},"9":{"start":{"line":34,"column":4},"end":{"line":34,"column":36}},"10":{"start":{"line":34,"column":30},"end":{"line":34,"column":36}},"11":{"start":{"line":35,"column":4},"end":{"line":35,"column":31}},"12":{"start":{"line":36,"column":4},"end":{"line":36,"column":22}},"13":{"start":{"line":37,"column":4},"end":{"line":48,"column":8}},"14":{"start":{"line":39,"column":8},"end":{"line":39,"column":28}},"15":{"start":{"line":45,"column":8},"end":{"line":45,"column":42}},"16":{"start":{"line":46,"column":8},"end":{"line":46,"column":36}},"17":{"start":{"line":47,"column":8},"end":{"line":47,"column":27}},"18":{"start":{"line":52,"column":2},"end":{"line":57,"column":29}},"19":{"start":{"line":53,"column":4},"end":{"line":55,"column":5}},"20":{"start":{"line":54,"column":6},"end":{"line":54,"column":16}},"21":{"start":{"line":56,"column":4},"end":{"line":56,"column":38}},"22":{"start":{"line":60,"column":2},"end":{"line":65,"column":8}},"23":{"start":{"line":61,"column":4},"end":{"line":63,"column":5}},"24":{"start":{"line":62,"column":6},"end":{"line":62,"column":16}},"25":{"start":{"line":68,"column":2},"end":{"line":70,"column":19}},"26":{"start":{"line":69,"column":4},"end":{"line":69,"column":38}},"27":{"start":{"line":72,"column":2},"end":{"line":72,"column":36}}},"fnMap":{"0":{"name":"useSyncStatus","decl":{"start":{"line":24,"column":16},"end":{"line":24,"column":29}},"loc":{"start":{"line":24,"column":44},"end":{"line":73,"column":1}},"line":24},"1":{"name":"(anonymous_1)","decl":{"start":{"line":30,"column":51},"end":{"line":30,"column":52}},"loc":{"start":{"line":30,"column":57},"end":{"line":30,"column":74}},"line":30},"2":{"name":"(anonymous_2)","decl":{"start":{"line":31,"column":44},"end":{"line":31,"column":45}},"loc":{"start":{"line":31,"column":51},"end":{"line":31,"column":71}},"line":31},"3":{"name":"(anonymous_3)","decl":{"start":{"line":33,"column":31},"end":{"line":33,"column":32}},"loc":{"start":{"line":33,"column":37},"end":{"line":49,"column":3}},"line":33},"4":{"name":"(anonymous_4)","decl":{"start":{"line":38,"column":12},"end":{"line":38,"column":13}},"loc":{"start":{"line":38,"column":18},"end":{"line":40,"column":7}},"line":38},"5":{"name":"(anonymous_5)","decl":{"start":{"line":41,"column":13},"end":{"line":41,"column":14}},"loc":{"start":{"line":41,"column":19},"end":{"line":43,"column":7}},"line":41},"6":{"name":"(anonymous_6)","decl":{"start":{"line":44,"column":15},"end":{"line":44,"column":16}},"loc":{"start":{"line":44,"column":21},"end":{"line":48,"column":7}},"line":44},"7":{"name":"(anonymous_7)","decl":{"start":{"line":52,"column":12},"end":{"line":52,"column":13}},"loc":{"start":{"line":52,"column":18},"end":{"line":57,"column":3}},"line":52},"8":{"name":"(anonymous_8)","decl":{"start":{"line":60,"column":12},"end":{"line":60,"column":13}},"loc":{"start":{"line":60,"column":18},"end":{"line":65,"column":3}},"line":60},"9":{"name":"(anonymous_9)","decl":{"start":{"line":68,"column":12},"end":{"line":68,"column":13}},"loc":{"start":{"line":68,"column":18},"end":{"line":70,"column":3}},"line":68}},"branchMap":{"0":{"loc":{"start":{"line":34,"column":4},"end":{"line":34,"column":36}},"type":"if","locations":[{"start":{"line":34,"column":4},"end":{"line":34,"column":36}},{"start":{},"end":{}}],"line":34},"1":{"loc":{"start":{"line":53,"column":4},"end":{"line":55,"column":5}},"type":"if","locations":[{"start":{"line":53,"column":4},"end":{"line":55,"column":5}},{"start":{},"end":{}}],"line":53},"2":{"loc":{"start":{"line":53,"column":8},"end":{"line":53,"column":44}},"type":"binary-expr","locations":[{"start":{"line":53,"column":8},"end":{"line":53,"column":19}},{"start":{"line":53,"column":23},"end":{"line":53,"column":44}}],"line":53},"3":{"loc":{"start":{"line":61,"column":4},"end":{"line":63,"column":5}},"type":"if","locations":[{"start":{"line":61,"column":4},"end":{"line":63,"column":5}},{"start":{},"end":{}}],"line":61},"4":{"loc":{"start":{"line":61,"column":8},"end":{"line":61,"column":44}},"type":"binary-expr","locations":[{"start":{"line":61,"column":8},"end":{"line":61,"column":19}},{"start":{"line":61,"column":23},"end":{"line":61,"column":44}}],"line":61}},"s":{"0":21,"1":21,"2":21,"3":21,"4":21,"5":6,"6":21,"7":21,"8":21,"9":4,"10":0,"11":4,"12":4,"13":4,"14":4,"15":4,"16":4,"17":4,"18":21,"19":9,"20":3,"21":9,"22":21,"23":6,"24":1,"25":21,"26":9,"27":21},"f":{"0":21,"1":6,"2":21,"3":4,"4":4,"5":0,"6":4,"7":9,"8":6,"9":9},"b":{"0":[0,4],"1":[3,6],"2":[9,5],"3":[1,5],"4":[6,2]},"_coverageSchema":"1a1c01bbd47fc00a2c39e90264f33305004495a9","hash":"3d5d4426a00bbe1166b86443cd0630028add9bb2"}
,"/Users/joaquim.cardoso/Documents/FreteAgro/frete-agro/fretagro-mobile/hooks/useViagemAtiva.ts": {"path":"/Users/joaquim.cardoso/Documents/FreteAgro/frete-agro/fretagro-mobile/hooks/useViagemAtiva.ts","statementMap":{"0":{"start":{"line":42,"column":17},"end":{"line":42,"column":48}},"1":{"start":{"line":42,"column":39},"end":{"line":42,"column":47}},"2":{"start":{"line":44,"column":24},"end":{"line":44,"column":38}},"3":{"start":{"line":47,"column":4},"end":{"line":49,"column":12}},"4":{"start":{"line":51,"column":32},"end":{"line":51,"column":70}},"5":{"start":{"line":53,"column":2},"end":{"line":58,"column":3}}},"fnMap":{"0":{"name":"useViagemAtiva","decl":{"start":{"line":41,"column":16},"end":{"line":41,"column":30}},"loc":{"start":{"line":41,"column":51},"end":{"line":59,"column":1}},"line":41},"1":{"name":"(anonymous_1)","decl":{"start":{"line":42,"column":32},"end":{"line":42,"column":33}},"loc":{"start":{"line":42,"column":39},"end":{"line":42,"column":47}},"line":42}},"branchMap":{"0":{"loc":{"start":{"line":47,"column":4},"end":{"line":49,"column":12}},"type":"cond-expr","locations":[{"start":{"line":48,"column":8},"end":{"line":48,"column":46}},{"start":{"line":49,"column":8},"end":{"line":49,"column":12}}],"line":47},"1":{"loc":{"start":{"line":47,"column":4},"end":{"line":47,"column":37}},"type":"binary-expr","locations":[{"start":{"line":47,"column":4},"end":{"line":47,"column":18}},{"start":{"line":47,"column":22},"end":{"line":47,"column":37}}],"line":47},"2":{"loc":{"start":{"line":51,"column":32},"end":{"line":51,"column":70}},"type":"binary-expr","locations":[{"start":{"line":51,"column":32},"end":{"line":51,"column":61}},{"start":{"line":51,"column":65},"end":{"line":51,"column":70}}],"line":51}},"s":{"0":10,"1":10,"2":10,"3":10,"4":10,"5":10},"f":{"0":10,"1":10},"b":{"0":[5,5],"1":[10,6],"2":[10,3]},"_coverageSchema":"1a1c01bbd47fc00a2c39e90264f33305004495a9","hash":"09250cddd1c7820d6af2c0ccc80ce88c34aaa7a3"}
,"/Users/joaquim.cardoso/Documents/FreteAgro/frete-agro/fretagro-mobile/lib/auth/mobileAuth.ts": {"path":"/Users/joaquim.cardoso/Documents/FreteAgro/frete-agro/fretagro-mobile/lib/auth/mobileAuth.ts","statementMap":{"0":{"start":{"line":14,"column":26},"end":{"line":17,"column":4}},"1":{"start":{"line":18,"column":2},"end":{"line":18,"column":24}},"2":{"start":{"line":18,"column":13},"end":{"line":18,"column":24}},"3":{"start":{"line":19,"column":2},"end":{"line":19,"column":21}},"4":{"start":{"line":26,"column":20},"end":{"line":26,"column":49}},"5":{"start":{"line":27,"column":2},"end":{"line":27,"column":24}},"6":{"start":{"line":27,"column":13},"end":{"line":27,"column":24}},"7":{"start":{"line":35,"column":26},"end":{"line":35,"column":58}},"8":{"start":{"line":36,"column":2},"end":{"line":36,"column":24}},"9":{"start":{"line":36,"column":13},"end":{"line":36,"column":24}},"10":{"start":{"line":37,"column":2},"end":{"line":37,"column":21}}},"fnMap":{"0":{"name":"signIn","decl":{"start":{"line":13,"column":22},"end":{"line":13,"column":28}},"loc":{"start":{"line":13,"column":62},"end":{"line":20,"column":1}},"line":13},"1":{"name":"signOut","decl":{"start":{"line":25,"column":22},"end":{"line":25,"column":29}},"loc":{"start":{"line":25,"column":32},"end":{"line":28,"column":1}},"line":25},"2":{"name":"getSession","decl":{"start":{"line":34,"column":22},"end":{"line":34,"column":32}},"loc":{"start":{"line":34,"column":35},"end":{"line":38,"column":1}},"line":34}},"branchMap":{"0":{"loc":{"start":{"line":18,"column":2},"end":{"line":18,"column":24}},"type":"if","locations":[{"start":{"line":18,"column":2},"end":{"line":18,"column":24}},{"start":{},"end":{}}],"line":18},"1":{"loc":{"start":{"line":27,"column":2},"end":{"line":27,"column":24}},"type":"if","locations":[{"start":{"line":27,"column":2},"end":{"line":27,"column":24}},{"start":{},"end":{}}],"line":27},"2":{"loc":{"start":{"line":36,"column":2},"end":{"line":36,"column":24}},"type":"if","locations":[{"start":{"line":36,"column":2},"end":{"line":36,"column":24}},{"start":{},"end":{}}],"line":36}},"s":{"0":0,"1":0,"2":0,"3":0,"4":0,"5":0,"6":0,"7":0,"8":0,"9":0,"10":0},"f":{"0":0,"1":0,"2":0},"b":{"0":[0,0],"1":[0,0],"2":[0,0]}}
,"/Users/joaquim.cardoso/Documents/FreteAgro/frete-agro/fretagro-mobile/lib/camera/capturarNota.ts": {"path":"/Users/joaquim.cardoso/Documents/FreteAgro/frete-agro/fretagro-mobile/lib/camera/capturarNota.ts","statementMap":{"0":{"start":{"line":20,"column":4},"end":{"line":20,"column":39}},"1":{"start":{"line":21,"column":4},"end":{"line":21,"column":39}},"2":{"start":{"line":40,"column":21},"end":{"line":40,"column":70}},"3":{"start":{"line":41,"column":2},"end":{"line":43,"column":3}},"4":{"start":{"line":42,"column":4},"end":{"line":42,"column":37}},"5":{"start":{"line":46,"column":17},"end":{"line":50,"column":4}},"6":{"start":{"line":52,"column":2},"end":{"line":54,"column":3}},"7":{"start":{"line":53,"column":4},"end":{"line":53,"column":15}},"8":{"start":{"line":56,"column":14},"end":{"line":56,"column":34}},"9":{"start":{"line":59,"column":21},"end":{"line":63,"column":3}},"10":{"start":{"line":66,"column":19},"end":{"line":66,"column":46}},"11":{"start":{"line":67,"column":15},"end":{"line":67,"column":36}},"12":{"start":{"line":70,"column":15},"end":{"line":70,"column":25}},"13":{"start":{"line":71,"column":22},"end":{"line":71,"column":79}},"14":{"start":{"line":74,"column":20},"end":{"line":79,"column":6}},"15":{"start":{"line":81,"column":2},"end":{"line":83,"column":3}},"16":{"start":{"line":82,"column":4},"end":{"line":82,"column":70}},"17":{"start":{"line":86,"column":2},"end":{"line":86,"column":20}}},"fnMap":{"0":{"name":"(anonymous_0)","decl":{"start":{"line":19,"column":2},"end":{"line":19,"column":3}},"loc":{"start":{"line":19,"column":16},"end":{"line":22,"column":3}},"line":19},"1":{"name":"capturarNota","decl":{"start":{"line":38,"column":22},"end":{"line":38,"column":34}},"loc":{"start":{"line":38,"column":87},"end":{"line":87,"column":1}},"line":38}},"branchMap":{"0":{"loc":{"start":{"line":41,"column":2},"end":{"line":43,"column":3}},"type":"if","locations":[{"start":{"line":41,"column":2},"end":{"line":43,"column":3}},{"start":{},"end":{}}],"line":41},"1":{"loc":{"start":{"line":52,"column":2},"end":{"line":54,"column":3}},"type":"if","locations":[{"start":{"line":52,"column":2},"end":{"line":54,"column":3}},{"start":{},"end":{}}],"line":52},"2":{"loc":{"start":{"line":81,"column":2},"end":{"line":83,"column":3}},"type":"if","locations":[{"start":{"line":81,"column":2},"end":{"line":83,"column":3}},{"start":{},"end":{}}],"line":81}},"s":{"0":0,"1":0,"2":0,"3":0,"4":0,"5":0,"6":0,"7":0,"8":0,"9":0,"10":0,"11":0,"12":0,"13":0,"14":0,"15":0,"16":0,"17":0},"f":{"0":0,"1":0},"b":{"0":[0,0],"1":[0,0],"2":[0,0]}}
,"/Users/joaquim.cardoso/Documents/FreteAgro/frete-agro/fretagro-mobile/lib/storage/queueStorage.ts": {"path":"/Users/joaquim.cardoso/Documents/FreteAgro/frete-agro/fretagro-mobile/lib/storage/queueStorage.ts","statementMap":{"0":{"start":{"line":8,"column":16},"end":{"line":8,"column":46}},"1":{"start":{"line":9,"column":18},"end":{"line":9,"column":30}},"2":{"start":{"line":33,"column":14},"end":{"line":33,"column":42}},"3":{"start":{"line":34,"column":2},"end":{"line":34,"column":21}},"4":{"start":{"line":34,"column":12},"end":{"line":34,"column":21}},"5":{"start":{"line":35,"column":2},"end":{"line":39,"column":3}},"6":{"start":{"line":36,"column":4},"end":{"line":36,"column":48}},"7":{"start":{"line":38,"column":4},"end":{"line":38,"column":13}},"8":{"start":{"line":43,"column":2},"end":{"line":43,"column":47}},"9":{"start":{"line":48,"column":16},"end":{"line":48,"column":27}},"10":{"start":{"line":49,"column":2},"end":{"line":49,"column":16}},"11":{"start":{"line":50,"column":2},"end":{"line":50,"column":19}},"12":{"start":{"line":55,"column":16},"end":{"line":55,"column":27}},"13":{"start":{"line":56,"column":2},"end":{"line":56,"column":16}},"14":{"start":{"line":57,"column":2},"end":{"line":57,"column":14}},"15":{"start":{"line":62,"column":2},"end":{"line":62,"column":20}},"16":{"start":{"line":67,"column":2},"end":{"line":67,"column":17}}},"fnMap":{"0":{"name":"readQueue","decl":{"start":{"line":32,"column":9},"end":{"line":32,"column":18}},"loc":{"start":{"line":32,"column":41},"end":{"line":40,"column":1}},"line":32},"1":{"name":"writeQueue","decl":{"start":{"line":42,"column":9},"end":{"line":42,"column":19}},"loc":{"start":{"line":42,"column":53},"end":{"line":44,"column":1}},"line":42},"2":{"name":"enqueue","decl":{"start":{"line":47,"column":16},"end":{"line":47,"column":23}},"loc":{"start":{"line":47,"column":52},"end":{"line":51,"column":1}},"line":47},"3":{"name":"dequeueAll","decl":{"start":{"line":54,"column":16},"end":{"line":54,"column":26}},"loc":{"start":{"line":54,"column":49},"end":{"line":58,"column":1}},"line":54},"4":{"name":"peek","decl":{"start":{"line":61,"column":16},"end":{"line":61,"column":20}},"loc":{"start":{"line":61,"column":43},"end":{"line":63,"column":1}},"line":61},"5":{"name":"replaceAll","decl":{"start":{"line":66,"column":16},"end":{"line":66,"column":26}},"loc":{"start":{"line":66,"column":58},"end":{"line":68,"column":1}},"line":66}},"branchMap":{"0":{"loc":{"start":{"line":34,"column":2},"end":{"line":34,"column":21}},"type":"if","locations":[{"start":{"line":34,"column":2},"end":{"line":34,"column":21}},{"start":{},"end":{}}],"line":34}},"s":{"0":2,"1":2,"2":32,"3":32,"4":10,"5":22,"6":22,"7":0,"8":22,"9":16,"10":16,"11":16,"12":3,"13":3,"14":3,"15":13,"16":3},"f":{"0":32,"1":22,"2":16,"3":3,"4":13,"5":3},"b":{"0":[10,22]},"_coverageSchema":"1a1c01bbd47fc00a2c39e90264f33305004495a9","hash":"28ee70bc209fdfdb8eed4242d945055213679728"}
,"/Users/joaquim.cardoso/Documents/FreteAgro/frete-agro/fretagro-mobile/lib/storage/viagemStorage.ts": {"path":"/Users/joaquim.cardoso/Documents/FreteAgro/frete-agro/fretagro-mobile/lib/storage/viagemStorage.ts","statementMap":{"0":{"start":{"line":9,"column":16},"end":{"line":9,"column":48}},"1":{"start":{"line":10,"column":19},"end":{"line":10,"column":33}},"2":{"start":{"line":17,"column":2},"end":{"line":21,"column":3}},"3":{"start":{"line":18,"column":4},"end":{"line":18,"column":30}},"4":{"start":{"line":20,"column":4},"end":{"line":20,"column":51}},"5":{"start":{"line":29,"column":14},"end":{"line":29,"column":43}},"6":{"start":{"line":30,"column":2},"end":{"line":30,"column":23}},"7":{"start":{"line":30,"column":12},"end":{"line":30,"column":23}},"8":{"start":{"line":31,"column":2},"end":{"line":35,"column":3}},"9":{"start":{"line":32,"column":4},"end":{"line":32,"column":41}},"10":{"start":{"line":34,"column":4},"end":{"line":34,"column":15}}},"fnMap":{"0":{"name":"saveViagem","decl":{"start":{"line":16,"column":16},"end":{"line":16,"column":26}},"loc":{"start":{"line":16,"column":61},"end":{"line":22,"column":1}},"line":16},"1":{"name":"loadViagem","decl":{"start":{"line":28,"column":16},"end":{"line":28,"column":26}},"loc":{"start":{"line":28,"column":49},"end":{"line":36,"column":1}},"line":28}},"branchMap":{"0":{"loc":{"start":{"line":17,"column":2},"end":{"line":21,"column":3}},"type":"if","locations":[{"start":{"line":17,"column":2},"end":{"line":21,"column":3}},{"start":{"line":19,"column":9},"end":{"line":21,"column":3}}],"line":17},"1":{"loc":{"start":{"line":30,"column":2},"end":{"line":30,"column":23}},"type":"if","locations":[{"start":{"line":30,"column":2},"end":{"line":30,"column":23}},{"start":{},"end":{}}],"line":30}},"s":{"0":1,"1":1,"2":7,"3":1,"4":6,"5":7,"6":7,"7":2,"8":5,"9":5,"10":1},"f":{"0":7,"1":7},"b":{"0":[1,6],"1":[2,5]},"_coverageSchema":"1a1c01bbd47fc00a2c39e90264f33305004495a9","hash":"6087ecd3770a6b13b11f2c2b8cd99ca021a58b72"}
,"/Users/joaquim.cardoso/Documents/FreteAgro/frete-agro/fretagro-mobile/lib/supabase/client.ts": {"path":"/Users/joaquim.cardoso/Documents/FreteAgro/frete-agro/fretagro-mobile/lib/supabase/client.ts","statementMap":{"0":{"start":{"line":11,"column":20},"end":{"line":11,"column":56}},"1":{"start":{"line":12,"column":24},"end":{"line":12,"column":65}},"2":{"start":{"line":14,"column":31},"end":{"line":21,"column":1}},"3":{"start":{"line":16,"column":4},"end":{"line":16,"column":33}},"4":{"start":{"line":18,"column":4},"end":{"line":18,"column":40}},"5":{"start":{"line":20,"column":4},"end":{"line":20,"column":36}},"6":{"start":{"line":23,"column":24},"end":{"line":30,"column":2}}},"fnMap":{"0":{"name":"(anonymous_0)","decl":{"start":{"line":15,"column":11},"end":{"line":15,"column":12}},"loc":{"start":{"line":16,"column":4},"end":{"line":16,"column":33}},"line":16},"1":{"name":"(anonymous_1)","decl":{"start":{"line":17,"column":11},"end":{"line":17,"column":12}},"loc":{"start":{"line":18,"column":4},"end":{"line":18,"column":40}},"line":18},"2":{"name":"(anonymous_2)","decl":{"start":{"line":19,"column":14},"end":{"line":19,"column":15}},"loc":{"start":{"line":20,"column":4},"end":{"line":20,"column":36}},"line":20}},"branchMap":{},"s":{"0":0,"1":0,"2":0,"3":0,"4":0,"5":0,"6":0},"f":{"0":0,"1":0,"2":0},"b":{}}
,"/Users/joaquim.cardoso/Documents/FreteAgro/frete-agro/fretagro-mobile/lib/sync/syncDespesas.ts": {"path":"/Users/joaquim.cardoso/Documents/FreteAgro/frete-agro/fretagro-mobile/lib/sync/syncDespesas.ts","statementMap":{"0":{"start":{"line":17,"column":2},"end":{"line":42,"column":3}},"1":{"start":{"line":22,"column":24},"end":{"line":24,"column":73}},"2":{"start":{"line":25,"column":6},"end":{"line":25,"column":28}},"3":{"start":{"line":25,"column":17},"end":{"line":25,"column":28}},"4":{"start":{"line":26,"column":6},"end":{"line":26,"column":11}},"5":{"start":{"line":33,"column":24},"end":{"line":35,"column":73}},"6":{"start":{"line":36,"column":6},"end":{"line":36,"column":28}},"7":{"start":{"line":36,"column":17},"end":{"line":36,"column":28}},"8":{"start":{"line":37,"column":6},"end":{"line":37,"column":11}},"9":{"start":{"line":41,"column":6},"end":{"line":41,"column":11}}},"fnMap":{"0":{"name":"syncDespesasOp","decl":{"start":{"line":16,"column":22},"end":{"line":16,"column":36}},"loc":{"start":{"line":16,"column":74},"end":{"line":43,"column":1}},"line":16}},"branchMap":{"0":{"loc":{"start":{"line":17,"column":2},"end":{"line":42,"column":3}},"type":"switch","locations":[{"start":{"line":18,"column":4},"end":{"line":27,"column":5}},{"start":{"line":29,"column":4},"end":{"line":38,"column":5}},{"start":{"line":40,"column":4},"end":{"line":41,"column":11}}],"line":17},"1":{"loc":{"start":{"line":25,"column":6},"end":{"line":25,"column":28}},"type":"if","locations":[{"start":{"line":25,"column":6},"end":{"line":25,"column":28}},{"start":{},"end":{}}],"line":25},"2":{"loc":{"start":{"line":36,"column":6},"end":{"line":36,"column":28}},"type":"if","locations":[{"start":{"line":36,"column":6},"end":{"line":36,"column":28}},{"start":{},"end":{}}],"line":36}},"s":{"0":0,"1":0,"2":0,"3":0,"4":0,"5":0,"6":0,"7":0,"8":0,"9":0},"f":{"0":0},"b":{"0":[0,0,0],"1":[0,0],"2":[0,0]}}
,"/Users/joaquim.cardoso/Documents/FreteAgro/frete-agro/fretagro-mobile/lib/sync/syncQueue.ts": {"path":"/Users/joaquim.cardoso/Documents/FreteAgro/frete-agro/fretagro-mobile/lib/sync/syncQueue.ts","statementMap":{"0":{"start":{"line":34,"column":20},"end":{"line":34,"column":56}},"1":{"start":{"line":35,"column":17},"end":{"line":35,"column":35}},"2":{"start":{"line":38,"column":14},"end":{"line":38,"column":45}},"3":{"start":{"line":39,"column":2},"end":{"line":39,"column":21}},"4":{"start":{"line":39,"column":12},"end":{"line":39,"column":21}},"5":{"start":{"line":40,"column":2},"end":{"line":44,"column":3}},"6":{"start":{"line":41,"column":4},"end":{"line":41,"column":48}},"7":{"start":{"line":43,"column":4},"end":{"line":43,"column":13}},"8":{"start":{"line":48,"column":15},"end":{"line":48,"column":31}},"9":{"start":{"line":49,"column":2},"end":{"line":49,"column":15}},"10":{"start":{"line":50,"column":2},"end":{"line":50,"column":49}},"11":{"start":{"line":56,"column":21},"end":{"line":61,"column":11}},"12":{"start":{"line":63,"column":23},"end":{"line":66,"column":11}},"13":{"start":{"line":69,"column":2},"end":{"line":73,"column":3}},"14":{"start":{"line":70,"column":4},"end":{"line":70,"column":26}},"15":{"start":{"line":71,"column":9},"end":{"line":73,"column":3}},"16":{"start":{"line":72,"column":4},"end":{"line":72,"column":28}},"17":{"start":{"line":92,"column":14},"end":{"line":92,"column":20}},"18":{"start":{"line":93,"column":2},"end":{"line":93,"column":30}},"19":{"start":{"line":93,"column":24},"end":{"line":93,"column":30}},"20":{"start":{"line":95,"column":40},"end":{"line":95,"column":42}},"21":{"start":{"line":97,"column":2},"end":{"line":115,"column":3}},"22":{"start":{"line":98,"column":4},"end":{"line":114,"column":5}},"23":{"start":{"line":99,"column":6},"end":{"line":99,"column":25}},"24":{"start":{"line":102,"column":44},"end":{"line":106,"column":7}},"25":{"start":{"line":108,"column":6},"end":{"line":113,"column":7}},"26":{"start":{"line":110,"column":8},"end":{"line":110,"column":37}},"27":{"start":{"line":112,"column":8},"end":{"line":112,"column":35}},"28":{"start":{"line":117,"column":2},"end":{"line":117,"column":23}},"29":{"start":{"line":125,"column":2},"end":{"line":125,"column":22}}},"fnMap":{"0":{"name":"readDeadLetter","decl":{"start":{"line":37,"column":9},"end":{"line":37,"column":23}},"loc":{"start":{"line":37,"column":46},"end":{"line":45,"column":1}},"line":37},"1":{"name":"appendDeadLetter","decl":{"start":{"line":47,"column":9},"end":{"line":47,"column":25}},"loc":{"start":{"line":47,"column":54},"end":{"line":51,"column":1}},"line":47},"2":{"name":"executeOp","decl":{"start":{"line":68,"column":15},"end":{"line":68,"column":24}},"loc":{"start":{"line":68,"column":62},"end":{"line":75,"column":1}},"line":68},"3":{"name":"drain","decl":{"start":{"line":91,"column":22},"end":{"line":91,"column":27}},"loc":{"start":{"line":91,"column":45},"end":{"line":118,"column":1}},"line":91},"4":{"name":"getPendingCount","decl":{"start":{"line":124,"column":16},"end":{"line":124,"column":31}},"loc":{"start":{"line":124,"column":42},"end":{"line":126,"column":1}},"line":124}},"branchMap":{"0":{"loc":{"start":{"line":39,"column":2},"end":{"line":39,"column":21}},"type":"if","locations":[{"start":{"line":39,"column":2},"end":{"line":39,"column":21}},{"start":{},"end":{}}],"line":39},"1":{"loc":{"start":{"line":69,"column":2},"end":{"line":73,"column":3}},"type":"if","locations":[{"start":{"line":69,"column":2},"end":{"line":73,"column":3}},{"start":{"line":71,"column":9},"end":{"line":73,"column":3}}],"line":69},"2":{"loc":{"start":{"line":71,"column":9},"end":{"line":73,"column":3}},"type":"if","locations":[{"start":{"line":71,"column":9},"end":{"line":73,"column":3}},{"start":{},"end":{}}],"line":71},"3":{"loc":{"start":{"line":93,"column":2},"end":{"line":93,"column":30}},"type":"if","locations":[{"start":{"line":93,"column":2},"end":{"line":93,"column":30}},{"start":{},"end":{}}],"line":93},"4":{"loc":{"start":{"line":108,"column":6},"end":{"line":113,"column":7}},"type":"if","locations":[{"start":{"line":108,"column":6},"end":{"line":113,"column":7}},{"start":{"line":111,"column":13},"end":{"line":113,"column":7}}],"line":108}},"s":{"0":1,"1":1,"2":1,"3":1,"4":1,"5":0,"6":0,"7":0,"8":1,"9":1,"10":1,"11":1,"12":1,"13":9,"14":8,"15":1,"16":1,"17":7,"18":7,"19":1,"20":6,"21":6,"22":9,"23":9,"24":3,"25":3,"26":1,"27":2,"28":6,"29":2},"f":{"0":1,"1":1,"2":9,"3":7,"4":2},"b":{"0":[1,0],"1":[8,1],"2":[1,0],"3":[1,6],"4":[1,2]},"_coverageSchema":"1a1c01bbd47fc00a2c39e90264f33305004495a9","hash":"84e6ad383848fadf33f66a26ee00eb8563a41957"}
,"/Users/joaquim.cardoso/Documents/FreteAgro/frete-agro/fretagro-mobile/lib/sync/syncViagem.ts": {"path":"/Users/joaquim.cardoso/Documents/FreteAgro/frete-agro/fretagro-mobile/lib/sync/syncViagem.ts","statementMap":{"0":{"start":{"line":20,"column":2},"end":{"line":66,"column":3}},"1":{"start":{"line":25,"column":24},"end":{"line":27,"column":73}},"2":{"start":{"line":28,"column":6},"end":{"line":28,"column":28}},"3":{"start":{"line":28,"column":17},"end":{"line":28,"column":28}},"4":{"start":{"line":29,"column":6},"end":{"line":29,"column":11}},"5":{"start":{"line":35,"column":24},"end":{"line":37,"column":73}},"6":{"start":{"line":38,"column":6},"end":{"line":38,"column":28}},"7":{"start":{"line":38,"column":17},"end":{"line":38,"column":28}},"8":{"start":{"line":39,"column":6},"end":{"line":39,"column":11}},"9":{"start":{"line":44,"column":32},"end":{"line":44,"column":84}},"10":{"start":{"line":45,"column":24},"end":{"line":48,"column":21}},"11":{"start":{"line":49,"column":6},"end":{"line":49,"column":28}},"12":{"start":{"line":49,"column":17},"end":{"line":49,"column":28}},"13":{"start":{"line":50,"column":6},"end":{"line":50,"column":11}},"14":{"start":{"line":55,"column":32},"end":{"line":55,"column":84}},"15":{"start":{"line":56,"column":24},"end":{"line":59,"column":21}},"16":{"start":{"line":60,"column":6},"end":{"line":60,"column":28}},"17":{"start":{"line":60,"column":17},"end":{"line":60,"column":28}},"18":{"start":{"line":61,"column":6},"end":{"line":61,"column":11}},"19":{"start":{"line":65,"column":6},"end":{"line":65,"column":11}}},"fnMap":{"0":{"name":"syncViagemOp","decl":{"start":{"line":19,"column":22},"end":{"line":19,"column":34}},"loc":{"start":{"line":19,"column":72},"end":{"line":67,"column":1}},"line":19}},"branchMap":{"0":{"loc":{"start":{"line":20,"column":2},"end":{"line":66,"column":3}},"type":"switch","locations":[{"start":{"line":21,"column":4},"end":{"line":30,"column":5}},{"start":{"line":32,"column":4},"end":{"line":40,"column":5}},{"start":{"line":42,"column":4},"end":{"line":51,"column":5}},{"start":{"line":53,"column":4},"end":{"line":62,"column":5}},{"start":{"line":64,"column":4},"end":{"line":65,"column":11}}],"line":20},"1":{"loc":{"start":{"line":28,"column":6},"end":{"line":28,"column":28}},"type":"if","locations":[{"start":{"line":28,"column":6},"end":{"line":28,"column":28}},{"start":{},"end":{}}],"line":28},"2":{"loc":{"start":{"line":38,"column":6},"end":{"line":38,"column":28}},"type":"if","locations":[{"start":{"line":38,"column":6},"end":{"line":38,"column":28}},{"start":{},"end":{}}],"line":38},"3":{"loc":{"start":{"line":49,"column":6},"end":{"line":49,"column":28}},"type":"if","locations":[{"start":{"line":49,"column":6},"end":{"line":49,"column":28}},{"start":{},"end":{}}],"line":49},"4":{"loc":{"start":{"line":60,"column":6},"end":{"line":60,"column":28}},"type":"if","locations":[{"start":{"line":60,"column":6},"end":{"line":60,"column":28}},{"start":{},"end":{}}],"line":60}},"s":{"0":0,"1":0,"2":0,"3":0,"4":0,"5":0,"6":0,"7":0,"8":0,"9":0,"10":0,"11":0,"12":0,"13":0,"14":0,"15":0,"16":0,"17":0,"18":0,"19":0},"f":{"0":0},"b":{"0":[0,0,0,0,0],"1":[0,0],"2":[0,0],"3":[0,0],"4":[0,0]}}
,"/Users/joaquim.cardoso/Documents/FreteAgro/frete-agro/fretagro-mobile/lib/utils/createId.ts": {"path":"/Users/joaquim.cardoso/Documents/FreteAgro/frete-agro/fretagro-mobile/lib/utils/createId.ts","statementMap":{"0":{"start":{"line":5,"column":2},"end":{"line":9,"column":4}},"1":{"start":{"line":6,"column":14},"end":{"line":6,"column":38}},"2":{"start":{"line":7,"column":14},"end":{"line":7,"column":45}},"3":{"start":{"line":8,"column":4},"end":{"line":8,"column":25}}},"fnMap":{"0":{"name":"createId","decl":{"start":{"line":4,"column":16},"end":{"line":4,"column":24}},"loc":{"start":{"line":4,"column":35},"end":{"line":10,"column":1}},"line":4},"1":{"name":"(anonymous_1)","decl":{"start":{"line":5,"column":65},"end":{"line":5,"column":66}},"loc":{"start":{"line":5,"column":72},"end":{"line":9,"column":3}},"line":5}},"branchMap":{"0":{"loc":{"start":{"line":7,"column":14},"end":{"line":7,"column":45}},"type":"cond-expr","locations":[{"start":{"line":7,"column":26},"end":{"line":7,"column":27}},{"start":{"line":7,"column":30},"end":{"line":7,"column":45}}],"line":7}},"s":{"0":0,"1":0,"2":0,"3":0},"f":{"0":0,"1":0},"b":{"0":[0,0]}}
,"/Users/joaquim.cardoso/Documents/FreteAgro/frete-agro/fretagro-mobile/lib/viagem/calcularTrecho.ts": {"path":"/Users/joaquim.cardoso/Documents/FreteAgro/frete-agro/fretagro-mobile/lib/viagem/calcularTrecho.ts","statementMap":{"0":{"start":{"line":11,"column":4},"end":{"line":11,"column":18}},"1":{"start":{"line":12,"column":4},"end":{"line":12,"column":33}},"2":{"start":{"line":19,"column":4},"end":{"line":19,"column":18}},"3":{"start":{"line":20,"column":4},"end":{"line":20,"column":35}},"4":{"start":{"line":38,"column":2},"end":{"line":42,"column":3}},"5":{"start":{"line":39,"column":4},"end":{"line":41,"column":5}},"6":{"start":{"line":44,"column":2},"end":{"line":48,"column":3}},"7":{"start":{"line":45,"column":4},"end":{"line":47,"column":5}},"8":{"start":{"line":50,"column":2},"end":{"line":55,"column":3}}},"fnMap":{"0":{"name":"(anonymous_0)","decl":{"start":{"line":10,"column":2},"end":{"line":10,"column":3}},"loc":{"start":{"line":10,"column":31},"end":{"line":13,"column":3}},"line":10},"1":{"name":"(anonymous_1)","decl":{"start":{"line":18,"column":2},"end":{"line":18,"column":3}},"loc":{"start":{"line":18,"column":31},"end":{"line":21,"column":3}},"line":18},"2":{"name":"fecharTrecho","decl":{"start":{"line":37,"column":16},"end":{"line":37,"column":28}},"loc":{"start":{"line":37,"column":74},"end":{"line":56,"column":1}},"line":37}},"branchMap":{"0":{"loc":{"start":{"line":38,"column":2},"end":{"line":42,"column":3}},"type":"if","locations":[{"start":{"line":38,"column":2},"end":{"line":42,"column":3}},{"start":{},"end":{}}],"line":38},"1":{"loc":{"start":{"line":44,"column":2},"end":{"line":48,"column":3}},"type":"if","locations":[{"start":{"line":44,"column":2},"end":{"line":48,"column":3}},{"start":{},"end":{}}],"line":44}},"s":{"0":3,"1":3,"2":3,"3":3,"4":10,"5":3,"6":7,"7":3,"8":4},"f":{"0":3,"1":3,"2":10},"b":{"0":[3,7],"1":[3,4]},"_coverageSchema":"1a1c01bbd47fc00a2c39e90264f33305004495a9","hash":"d7b7fddf11bf49fff894f0d04508c53c5825af6f"}
,"/Users/joaquim.cardoso/Documents/FreteAgro/frete-agro/fretagro-mobile/lib/viagem/calcularViagem.ts": {"path":"/Users/joaquim.cardoso/Documents/FreteAgro/frete-agro/fretagro-mobile/lib/viagem/calcularViagem.ts","statementMap":{"0":{"start":{"line":12,"column":2},"end":{"line":14,"column":51}},"1":{"start":{"line":13,"column":19},"end":{"line":13,"column":59}},"2":{"start":{"line":14,"column":24},"end":{"line":14,"column":47}},"3":{"start":{"line":22,"column":2},"end":{"line":24,"column":51}},"4":{"start":{"line":23,"column":19},"end":{"line":23,"column":63}},"5":{"start":{"line":24,"column":24},"end":{"line":24,"column":47}},"6":{"start":{"line":31,"column":2},"end":{"line":31,"column":58}},"7":{"start":{"line":46,"column":2},"end":{"line":46,"column":63}},"8":{"start":{"line":46,"column":52},"end":{"line":46,"column":63}},"9":{"start":{"line":47,"column":2},"end":{"line":47,"column":39}},"10":{"start":{"line":58,"column":23},"end":{"line":60,"column":42}},"11":{"start":{"line":59,"column":19},"end":{"line":59,"column":69}},"12":{"start":{"line":60,"column":24},"end":{"line":60,"column":38}},"13":{"start":{"line":61,"column":2},"end":{"line":61,"column":42}}},"fnMap":{"0":{"name":"kmTotalVazio","decl":{"start":{"line":11,"column":16},"end":{"line":11,"column":28}},"loc":{"start":{"line":11,"column":58},"end":{"line":15,"column":1}},"line":11},"1":{"name":"(anonymous_1)","decl":{"start":{"line":13,"column":12},"end":{"line":13,"column":13}},"loc":{"start":{"line":13,"column":19},"end":{"line":13,"column":59}},"line":13},"2":{"name":"(anonymous_2)","decl":{"start":{"line":14,"column":12},"end":{"line":14,"column":13}},"loc":{"start":{"line":14,"column":24},"end":{"line":14,"column":47}},"line":14},"3":{"name":"kmTotalCarregado","decl":{"start":{"line":21,"column":16},"end":{"line":21,"column":32}},"loc":{"start":{"line":21,"column":62},"end":{"line":25,"column":1}},"line":21},"4":{"name":"(anonymous_4)","decl":{"start":{"line":23,"column":12},"end":{"line":23,"column":13}},"loc":{"start":{"line":23,"column":19},"end":{"line":23,"column":63}},"line":23},"5":{"name":"(anonymous_5)","decl":{"start":{"line":24,"column":12},"end":{"line":24,"column":13}},"loc":{"start":{"line":24,"column":24},"end":{"line":24,"column":47}},"line":24},"6":{"name":"kmTotalViagem","decl":{"start":{"line":30,"column":16},"end":{"line":30,"column":29}},"loc":{"start":{"line":30,"column":59},"end":{"line":32,"column":1}},"line":30},"7":{"name":"mediaDiesel","decl":{"start":{"line":42,"column":16},"end":{"line":42,"column":27}},"loc":{"start":{"line":45,"column":17},"end":{"line":48,"column":1}},"line":45},"8":{"name":"mediaDieselParaTrecho","decl":{"start":{"line":54,"column":16},"end":{"line":54,"column":37}},"loc":{"start":{"line":57,"column":17},"end":{"line":62,"column":1}},"line":57},"9":{"name":"(anonymous_9)","decl":{"start":{"line":59,"column":12},"end":{"line":59,"column":13}},"loc":{"start":{"line":59,"column":19},"end":{"line":59,"column":69}},"line":59},"10":{"name":"(anonymous_10)","decl":{"start":{"line":60,"column":12},"end":{"line":60,"column":13}},"loc":{"start":{"line":60,"column":24},"end":{"line":60,"column":38}},"line":60}},"branchMap":{"0":{"loc":{"start":{"line":13,"column":19},"end":{"line":13,"column":59}},"type":"binary-expr","locations":[{"start":{"line":13,"column":19},"end":{"line":13,"column":37}},{"start":{"line":13,"column":41},"end":{"line":13,"column":59}}],"line":13},"1":{"loc":{"start":{"line":14,"column":31},"end":{"line":14,"column":46}},"type":"binary-expr","locations":[{"start":{"line":14,"column":31},"end":{"line":14,"column":41}},{"start":{"line":14,"column":45},"end":{"line":14,"column":46}}],"line":14},"2":{"loc":{"start":{"line":23,"column":19},"end":{"line":23,"column":63}},"type":"binary-expr","locations":[{"start":{"line":23,"column":19},"end":{"line":23,"column":41}},{"start":{"line":23,"column":45},"end":{"line":23,"column":63}}],"line":23},"3":{"loc":{"start":{"line":24,"column":31},"end":{"line":24,"column":46}},"type":"binary-expr","locations":[{"start":{"line":24,"column":31},"end":{"line":24,"column":41}},{"start":{"line":24,"column":45},"end":{"line":24,"column":46}}],"line":24},"4":{"loc":{"start":{"line":46,"column":2},"end":{"line":46,"column":63}},"type":"if","locations":[{"start":{"line":46,"column":2},"end":{"line":46,"column":63}},{"start":{},"end":{}}],"line":46},"5":{"loc":{"start":{"line":46,"column":6},"end":{"line":46,"column":50}},"type":"binary-expr","locations":[{"start":{"line":46,"column":6},"end":{"line":46,"column":29}},{"start":{"line":46,"column":33},"end":{"line":46,"column":50}}],"line":46},"6":{"loc":{"start":{"line":59,"column":19},"end":{"line":59,"column":69}},"type":"binary-expr","locations":[{"start":{"line":59,"column":19},"end":{"line":59,"column":43}},{"start":{"line":59,"column":47},"end":{"line":59,"column":69}}],"line":59}},"s":{"0":6,"1":9,"2":5,"3":5,"4":8,"5":4,"6":2,"7":8,"8":6,"9":2,"10":4,"11":7,"12":3,"13":4},"f":{"0":6,"1":9,"2":5,"3":5,"4":8,"5":4,"6":2,"7":8,"8":4,"9":7,"10":3},"b":{"0":[9,6],"1":[5,0],"2":[8,5],"3":[4,0],"4":[6,2],"5":[8,6],"6":[7,6]},"_coverageSchema":"1a1c01bbd47fc00a2c39e90264f33305004495a9","hash":"1df4f900273b7bceaed61eeeb2072730a7d540fd"}
}
