TN:
SF:hooks/useAcerto.ts
FN:72,useAcerto
FN:80,(anonymous_1)
FN:129,(anonymous_2)
FN:131,(anonymous_3)
FN:167,(anonymous_4)
FN:170,(anonymous_5)
FN:171,(anonymous_6)
FN:192,(anonymous_7)
FN:207,(anonymous_8)
FN:222,(anonymous_9)
FNF:10
FNH:10
FNDA:81,useAcerto
FNDA:14,(anonymous_1)
FNDA:19,(anonymous_2)
FNDA:12,(anonymous_3)
FNDA:5,(anonymous_4)
FNDA:3,(anonymous_5)
FNDA:2,(anonymous_6)
FNDA:5,(anonymous_7)
FNDA:19,(anonymous_8)
FNDA:14,(anonymous_9)
DA:62,1
DA:73,81
DA:74,81
DA:75,81
DA:76,81
DA:77,81
DA:78,81
DA:80,81
DA:81,14
DA:82,14
DA:84,14
DA:89,14
DA:91,14
DA:92,14
DA:93,1
DA:94,1
DA:101,13
DA:107,13
DA:108,13
DA:109,0
DA:110,0
DA:113,13
DA:116,13
DA:124,13
DA:126,13
DA:129,19
DA:130,13
DA:131,12
DA:142,13
DA:143,13
DA:144,13
DA:152,13
DA:167,12
DA:168,5
DA:169,5
DA:170,3
DA:171,2
DA:172,5
DA:173,5
DA:174,5
DA:187,1
DA:191,13
DA:192,5
DA:200,13
DA:207,19
DA:209,13
DA:210,13
DA:211,13
DA:212,13
DA:215,0
DA:216,0
DA:218,14
DA:222,81
DA:223,14
DA:226,81
LF:55
LH:51
BRDA:91,0,0,0
BRDA:91,0,1,14
BRDA:92,1,0,1
BRDA:92,1,1,13
BRDA:107,2,0,0
BRDA:107,2,1,13
BRDA:108,3,0,0
BRDA:108,3,1,13
BRDA:124,4,0,0
BRDA:124,4,1,13
BRDA:126,5,0,13
BRDA:126,5,1,0
BRDA:152,6,0,1
BRDA:152,6,1,12
BRDA:167,7,0,12
BRDA:167,7,1,0
BRDA:168,8,0,5
BRDA:168,8,1,0
BRDA:178,9,0,5
BRDA:178,9,1,0
BRDA:215,10,0,0
BRDA:215,10,1,0
BRF:22
BRH:12
end_of_record
TN:
SF:hooks/useConectividade.ts
FN:14,useConectividade
FN:17,checkConnectivity
FN:22,(anonymous_2)
FN:27,(anonymous_3)
FN:34,(anonymous_4)
FNF:5
FNH:5
FNDA:7,useConectividade
FNDA:6,checkConnectivity
FNDA:5,(anonymous_2)
FNDA:1,(anonymous_3)
FNDA:5,(anonymous_4)
DA:15,7
DA:18,6
DA:19,6
DA:22,7
DA:23,5
DA:25,5
DA:28,1
DA:29,1
DA:34,5
DA:35,5
DA:39,7
LF:11
LH:11
BRDA:19,0,0,6
BRDA:19,0,1,0
BRDA:28,1,0,1
BRDA:28,1,1,0
BRF:4
BRH:2
end_of_record
TN:
SF:hooks/useSync.ts
FN:24,useSyncStatus
FN:30,(anonymous_1)
FN:31,(anonymous_2)
FN:33,(anonymous_3)
FN:38,(anonymous_4)
FN:41,(anonymous_5)
FN:44,(anonymous_6)
FN:52,(anonymous_7)
FN:60,(anonymous_8)
FN:68,(anonymous_9)
FNF:10
FNH:9
FNDA:21,useSyncStatus
FNDA:6,(anonymous_1)
FNDA:21,(anonymous_2)
FNDA:4,(anonymous_3)
FNDA:4,(anonymous_4)
FNDA:0,(anonymous_5)
FNDA:4,(anonymous_6)
FNDA:9,(anonymous_7)
FNDA:6,(anonymous_8)
FNDA:9,(anonymous_9)
DA:25,21
DA:26,21
DA:28,21
DA:29,21
DA:30,21
DA:31,21
DA:33,21
DA:34,4
DA:35,4
DA:36,4
DA:37,4
DA:39,4
DA:45,4
DA:46,4
DA:47,4
DA:52,21
DA:53,9
DA:54,3
DA:56,9
DA:60,21
DA:61,6
DA:62,1
DA:68,21
DA:69,9
DA:72,21
LF:25
LH:25
BRDA:34,0,0,0
BRDA:34,0,1,4
BRDA:53,1,0,3
BRDA:53,1,1,6
BRDA:53,2,0,9
BRDA:53,2,1,5
BRDA:61,3,0,1
BRDA:61,3,1,5
BRDA:61,4,0,6
BRDA:61,4,1,2
BRF:10
BRH:9
end_of_record
TN:
SF:hooks/useViagemAtiva.ts
FN:41,useViagemAtiva
FN:42,(anonymous_1)
FNF:2
FNH:2
FNDA:10,useViagemAtiva
FNDA:10,(anonymous_1)
DA:42,10
DA:44,10
DA:47,10
DA:51,10
DA:53,10
LF:5
LH:5
BRDA:47,0,0,5
BRDA:47,0,1,5
BRDA:47,1,0,10
BRDA:47,1,1,6
BRDA:51,2,0,10
BRDA:51,2,1,3
BRF:6
BRH:6
end_of_record
TN:
SF:lib/auth/mobileAuth.ts
FN:13,signIn
FN:25,signOut
FN:34,getSession
FNF:3
FNH:0
FNDA:0,signIn
FNDA:0,signOut
FNDA:0,getSession
DA:14,0
DA:18,0
DA:19,0
DA:26,0
DA:27,0
DA:35,0
DA:36,0
DA:37,0
LF:8
LH:0
BRDA:18,0,0,0
BRDA:18,0,1,0
BRDA:27,1,0,0
BRDA:27,1,1,0
BRDA:36,2,0,0
BRDA:36,2,1,0
BRF:6
BRH:0
end_of_record
TN:
SF:lib/camera/capturarNota.ts
FN:19,(anonymous_0)
FN:38,capturarNota
FNF:2
FNH:0
FNDA:0,(anonymous_0)
FNDA:0,capturarNota
DA:20,0
DA:21,0
DA:40,0
DA:41,0
DA:42,0
DA:46,0
DA:52,0
DA:53,0
DA:56,0
DA:59,0
DA:66,0
DA:67,0
DA:70,0
DA:71,0
DA:74,0
DA:81,0
DA:82,0
DA:86,0
LF:18
LH:0
BRDA:41,0,0,0
BRDA:41,0,1,0
BRDA:52,1,0,0
BRDA:52,1,1,0
BRDA:81,2,0,0
BRDA:81,2,1,0
BRF:6
BRH:0
end_of_record
TN:
SF:lib/storage/queueStorage.ts
FN:32,readQueue
FN:42,writeQueue
FN:47,enqueue
FN:54,dequeueAll
FN:61,peek
FN:66,replaceAll
FNF:6
FNH:6
FNDA:32,readQueue
FNDA:22,writeQueue
FNDA:16,enqueue
FNDA:3,dequeueAll
FNDA:13,peek
FNDA:3,replaceAll
DA:8,2
DA:9,2
DA:33,32
DA:34,32
DA:35,22
DA:36,22
DA:38,0
DA:43,22
DA:48,16
DA:49,16
DA:50,16
DA:55,3
DA:56,3
DA:57,3
DA:62,13
DA:67,3
LF:16
LH:15
BRDA:34,0,0,10
BRDA:34,0,1,22
BRF:2
BRH:2
end_of_record
TN:
SF:lib/storage/viagemStorage.ts
FN:16,saveViagem
FN:28,loadViagem
FNF:2
FNH:2
FNDA:7,saveViagem
FNDA:7,loadViagem
DA:9,1
DA:10,1
DA:17,7
DA:18,1
DA:20,6
DA:29,7
DA:30,7
DA:31,5
DA:32,5
DA:34,1
LF:10
LH:10
BRDA:17,0,0,1
BRDA:17,0,1,6
BRDA:30,1,0,2
BRDA:30,1,1,5
BRF:4
BRH:4
end_of_record
TN:
SF:lib/supabase/client.ts
FN:15,(anonymous_0)
FN:17,(anonymous_1)
FN:19,(anonymous_2)
FNF:3
FNH:0
FNDA:0,(anonymous_0)
FNDA:0,(anonymous_1)
FNDA:0,(anonymous_2)
DA:11,0
DA:12,0
DA:14,0
DA:16,0
DA:18,0
DA:20,0
DA:23,0
LF:7
LH:0
BRF:0
BRH:0
end_of_record
TN:
SF:lib/sync/syncDespesas.ts
FN:16,syncDespesasOp
FNF:1
FNH:0
FNDA:0,syncDespesasOp
DA:17,0
DA:22,0
DA:25,0
DA:26,0
DA:33,0
DA:36,0
DA:37,0
DA:41,0
LF:8
LH:0
BRDA:17,0,0,0
BRDA:17,0,1,0
BRDA:17,0,2,0
BRDA:25,1,0,0
BRDA:25,1,1,0
BRDA:36,2,0,0
BRDA:36,2,1,0
BRF:7
BRH:0
end_of_record
TN:
SF:lib/sync/syncQueue.ts
FN:37,readDeadLetter
FN:47,appendDeadLetter
FN:68,executeOp
FN:91,drain
FN:124,getPendingCount
FNF:5
FNH:5
FNDA:1,readDeadLetter
FNDA:1,appendDeadLetter
FNDA:9,executeOp
FNDA:7,drain
FNDA:2,getPendingCount
DA:34,1
DA:35,1
DA:38,1
DA:39,1
DA:40,0
DA:41,0
DA:43,0
DA:48,1
DA:49,1
DA:50,1
DA:56,1
DA:63,1
DA:69,9
DA:70,8
DA:71,1
DA:72,1
DA:92,7
DA:93,7
DA:95,6
DA:97,6
DA:98,9
DA:99,9
DA:102,3
DA:108,3
DA:110,1
DA:112,2
DA:117,6
DA:125,2
LF:28
LH:25
BRDA:39,0,0,1
BRDA:39,0,1,0
BRDA:69,1,0,8
BRDA:69,1,1,1
BRDA:71,2,0,1
BRDA:71,2,1,0
BRDA:93,3,0,1
BRDA:93,3,1,6
BRDA:108,4,0,1
BRDA:108,4,1,2
BRF:10
BRH:8
end_of_record
TN:
SF:lib/sync/syncViagem.ts
FN:19,syncViagemOp
FNF:1
FNH:0
FNDA:0,syncViagemOp
DA:20,0
DA:25,0
DA:28,0
DA:29,0
DA:35,0
DA:38,0
DA:39,0
DA:44,0
DA:45,0
DA:49,0
DA:50,0
DA:55,0
DA:56,0
DA:60,0
DA:61,0
DA:65,0
LF:16
LH:0
BRDA:20,0,0,0
BRDA:20,0,1,0
BRDA:20,0,2,0
BRDA:20,0,3,0
BRDA:20,0,4,0
BRDA:28,1,0,0
BRDA:28,1,1,0
BRDA:38,2,0,0
BRDA:38,2,1,0
BRDA:49,3,0,0
BRDA:49,3,1,0
BRDA:60,4,0,0
BRDA:60,4,1,0
BRF:13
BRH:0
end_of_record
TN:
SF:lib/utils/createId.ts
FN:4,createId
FN:5,(anonymous_1)
FNF:2
FNH:0
FNDA:0,createId
FNDA:0,(anonymous_1)
DA:5,0
DA:6,0
DA:7,0
DA:8,0
LF:4
LH:0
BRDA:7,0,0,0
BRDA:7,0,1,0
BRF:2
BRH:0
end_of_record
TN:
SF:lib/viagem/calcularTrecho.ts
FN:10,(anonymous_0)
FN:18,(anonymous_1)
FN:37,fecharTrecho
FNF:3
FNH:3
FNDA:3,(anonymous_0)
FNDA:3,(anonymous_1)
FNDA:10,fecharTrecho
DA:11,3
DA:12,3
DA:19,3
DA:20,3
DA:38,10
DA:39,3
DA:44,7
DA:45,3
DA:50,4
LF:9
LH:9
BRDA:38,0,0,3
BRDA:38,0,1,7
BRDA:44,1,0,3
BRDA:44,1,1,4
BRF:4
BRH:4
end_of_record
TN:
SF:lib/viagem/calcularViagem.ts
FN:11,kmTotalVazio
FN:13,(anonymous_1)
FN:14,(anonymous_2)
FN:21,kmTotalCarregado
FN:23,(anonymous_4)
FN:24,(anonymous_5)
FN:30,kmTotalViagem
FN:42,mediaDiesel
FN:54,mediaDieselParaTrecho
FN:59,(anonymous_9)
FN:60,(anonymous_10)
FNF:11
FNH:11
FNDA:6,kmTotalVazio
FNDA:9,(anonymous_1)
FNDA:5,(anonymous_2)
FNDA:5,kmTotalCarregado
FNDA:8,(anonymous_4)
FNDA:4,(anonymous_5)
FNDA:2,kmTotalViagem
FNDA:8,mediaDiesel
FNDA:4,mediaDieselParaTrecho
FNDA:7,(anonymous_9)
FNDA:3,(anonymous_10)
DA:12,6
DA:13,9
DA:14,5
DA:22,5
DA:23,8
DA:24,4
DA:31,2
DA:46,8
DA:47,2
DA:58,4
DA:59,7
DA:60,3
DA:61,4
LF:13
LH:13
BRDA:13,0,0,9
BRDA:13,0,1,6
BRDA:14,1,0,5
BRDA:14,1,1,0
BRDA:23,2,0,8
BRDA:23,2,1,5
BRDA:24,3,0,4
BRDA:24,3,1,0
BRDA:46,4,0,6
BRDA:46,4,1,2
BRDA:46,5,0,8
BRDA:46,5,1,6
BRDA:59,6,0,7
BRDA:59,6,1,6
BRF:14
BRH:12
end_of_record
