<?xml version="1.0" encoding="UTF-8"?>
<coverage generated="1784471982667" clover="3.2.0">
  <project timestamp="1784471982667" name="All files">
    <metrics statements="4" coveredstatements="4" conditionals="0" coveredconditionals="0" methods="2" coveredmethods="2" elements="6" coveredelements="6" complexity="0" loc="4" ncloc="4" packages="1" files="1" classes="1"/>
    <file name="calcularAcerto.ts" path="/Users/joaquim.cardoso/Documents/FreteAgro/frete-agro/packages/shared/lib/finance/calcularAcerto.ts">
      <metrics statements="4" coveredstatements="4" conditionals="0" coveredconditionals="0" methods="2" coveredmethods="2"/>
      <line num="13" count="1" type="stmt"/>
      <line num="17" count="10" type="stmt"/>
      <line num="28" count="1" type="stmt"/>
      <line num="32" count="7" type="stmt"/>
    </file>
  </project>
</coverage>
