{"/Users/joaquim.cardoso/Documents/FreteAgro/frete-agro/packages/shared/lib/finance/calcularAcerto.ts": {"path":"/Users/joaquim.cardoso/Documents/FreteAgro/frete-agro/packages/shared/lib/finance/calcularAcerto.ts","statementMap":{"0":{"start":{"line":13,"column":0},"end":{"line":13,"column":16}},"1":{"start":{"line":28,"column":0},"end":{"line":28,"column":16}},"2":{"start":{"line":17,"column":2},"end":{"line":17,"column":null}},"3":{"start":{"line":32,"column":2},"end":{"line":32,"column":null}}},"fnMap":{"0":{"name":"calcularComissao","decl":{"start":{"line":13,"column":16},"end":{"line":13,"column":32}},"loc":{"start":{"line":15,"column":28},"end":{"line":18,"column":1}}},"1":{"name":"calcularSaldoFinal","decl":{"start":{"line":28,"column":16},"end":{"line":28,"column":34}},"loc":{"start":{"line":30,"column":23},"end":{"line":33,"column":1}}}},"branchMap":{},"s":{"0":1,"1":1,"2":10,"3":7},"f":{"0":10,"1":7},"b":{}}
}
